This is pdfeTeX, Version 3.141592-1.21a-2.2 (Web2C 7.5.4) (format=pdflatex 2005.10.23)  2 JAN 2006 15:01
entering extended mode
**rockNrollOnline.tex
(./rockNrollOnline.tex
LaTeX2e <2003/12/01>
Babel <v3.8d> and hyphenation patterns for american, french, german, ngerman, b
ahasa, basque, bulgarian, catalan, croatian, czech, danish, dutch, esperanto, e
stonian, finnish, greek, icelandic, irish, italian, latin, magyar, norsk, polis
h, portuges, romanian, russian, serbian, slovak, slovene, spanish, swedish, tur
kish, ukrainian, nohyphenation, loaded.
(/usr/share/texmf/tex/latex/koma-script/scrreprt.cls
Document Class: scrreprt 2004/09/16 v2.9t LaTeX2e KOMA document class
(/usr/share/texmf/tex/latex/koma-script/scrlfile.sty
Package: scrlfile 2004/09/16 v2.9t LaTeX2e KOMA package

Package scrlfile, 2004/09/16 v2.9t LaTeX2e KOMA package
                  Copyright (C) Markus Kohm

) (/usr/share/texmf/tex/latex/base/size12.clo
File: size12.clo 2004/02/16 v1.4f Standard LaTeX file (size option)
)
(/usr/share/texmf/tex/latex/koma-script/typearea.sty
Package: typearea 2004/09/16 v2.9t LaTeX2e KOMA package

Package typearea, 2004/09/16 v2.9t LaTeX2e KOMA package
                  Copyright (C) Frank Neukam, 1992-1994
                  Copyright (C) Markus Kohm, 1994-2002

\ta@bcor=\skip41
\ta@div=\count79
\ta@hblk=\skip42
\ta@vblk=\skip43
\ta@temp=\skip44
Package typearea Info: These are the values describing the layout:
(typearea)             DIV  = 12
(typearea)             BCOR = 0.0pt
(typearea)             \paperwidth      = 597.50793pt
(typearea)              \textwidth      = 448.13095pt
(typearea)              \columnwidth    = 0.0pt
(typearea)              \columnsep      = 0.0pt
(typearea)              DIV-departure   = -6/100
(typearea)              \evensidemargin = 27.31467pt
(typearea)              \oddsidemargin  = -22.47766pt
(typearea)             \paperheight     = 845.04694pt
(typearea)              \textheight     = 635.5pt
(typearea)              \topmargin      = -41.72441pt
(typearea)              \headheight     = 18.125pt
(typearea)              \headsep        = 21.75pt
(typearea)              \topskip        = 12.0pt
(typearea)              \footskip       = 50.75pt
(typearea)              \baselineskip   = 14.5pt
(typearea)              on input line 633.
)
\c@part=\count80
\c@chapter=\count81
\c@section=\count82
\c@subsection=\count83
\c@subsubsection=\count84
\c@paragraph=\count85
\c@subparagraph=\count86
\c@figure=\count87
\c@table=\count88
\abovecaptionskip=\skip45
\belowcaptionskip=\skip46
\c@pti@nb@sid@b@x=\box26
\bibindent=\dimen102
) (/usr/share/texmf/tex/latex/umlaute/umlaut.sty
Package: umlaut 
)
(/usr/share/texmf/tex/latex/base/inputenc.sty
Package: inputenc 2004/02/05 v1.0d Input encoding file

(/usr/share/texmf/tex/latex/base/latin1.def
File: latin1.def 2004/02/05 v1.0d Input encoding file
))
(/usr/share/texmf/tex/latex/base/t1enc.sty
Package: t1enc 1994/06/01 Standard LaTeX package
)
(/usr/share/texmf/tex/generic/babel/babel.sty
Package: babel 2004/11/20 v3.8d The Babel package

(/usr/share/texmf/tex/generic/babel/germanb.ldf
Language: germanb 2004/02/19 v2.6k German support from the babel system

(/usr/share/texmf/tex/generic/babel/babel.def
File: babel.def 2004/11/20 v3.8d Babel common definitions
\babel@savecnt=\count89
\U@D=\dimen103
)
\l@austrian = a dialect from \language\l@german 
Package babel Info: Making " an active character on input line 91.
)
(/usr/share/texmf/tex/generic/babel/english.ldf
Language: english 2004/06/14 v3.3o English support from the babel system
\l@british = a dialect from \language\l@english 
\l@UKenglish = a dialect from \language\l@english 
\l@canadian = a dialect from \language\l@american 
\l@australian = a dialect from \language\l@british 
\l@newzealand = a dialect from \language\l@british 
))
(/usr/share/texmf/tex/latex/psnfss/helvet.sty
Package: helvet 2004/09/15 PSNFSS-v9.2 (WaS) 

(/usr/share/texmf/tex/latex/graphics/keyval.sty
Package: keyval 1999/03/16 v1.13 key=value parser (DPC)
\KV@toks@=\toks14
))
(/usr/share/texmf/tex/latex/psnfss/charter.sty
Package: charter 2004/09/15 PSNFSS-v9.2 (P.Dyballa) 
)
(/usr/share/texmf/tex/latex/koma-script/scrpage2.sty
Package: scrpage2 2004/09/05 v2.2a LaTeX2e KOMA package
)
(/usr/share/texmf/tex/latex/graphics/graphicx.sty
Package: graphicx 1999/02/16 v1.0f Enhanced LaTeX Graphics (DPC,SPQR)

(/usr/share/texmf/tex/latex/graphics/graphics.sty
Package: graphics 2001/07/07 v1.0n Standard LaTeX Graphics (DPC,SPQR)

(/usr/share/texmf/tex/latex/graphics/trig.sty
Package: trig 1999/03/16 v1.09 sin cos tan (DPC)
)
(/usr/share/texmf/tex/latex/graphics/graphics.cfg
File: graphics.cfg 2005/02/03 v1.3 graphics configuration of teTeX/TeXLive
)
Package graphics Info: Driver file: pdftex.def on input line 80.

(/usr/share/texmf/tex/latex/graphics/pdftex.def
File: pdftex.def 2002/06/19 v0.03k graphics/color for pdftex
\Gread@gobject=\count90
))
\Gin@req@height=\dimen104
\Gin@req@width=\dimen105
)
(/usr/share/texmf/tex/latex/tools/layout.sty
Package: layout 2000/09/25 v1.2c Show layout parameters
\oneinch=\count91
\cnt@paperwidth=\count92
\cnt@paperheight=\count93
\cnt@hoffset=\count94
\cnt@voffset=\count95
\cnt@textheight=\count96
\cnt@textwidth=\count97
\cnt@topmargin=\count98
\cnt@oddsidemargin=\count99
\cnt@evensidemargin=\count100
\cnt@headheight=\count101
\cnt@headsep=\count102
\cnt@marginparsep=\count103
\cnt@marginparwidth=\count104
\cnt@marginparpush=\count105
\cnt@footskip=\count106
\fheight=\count107
\ref@top=\count108
\ref@hoffset=\count109
\ref@voffset=\count110
\ref@head=\count111
\ref@body=\count112
\ref@foot=\count113
\ref@margin=\count114
\ref@marginwidth=\count115
\ref@marginpar=\count116
\Interval=\count117
\ExtraYPos=\count118
\PositionX=\count119
\PositionY=\count120
\ArrowLength=\count121
)
(/usr/share/texmf/tex/latex/subfigure/subfigure.sty
Package: subfigure 2002/07/30 v2.1.4 subfigure package
\subfigtopskip=\skip47
\subfigcapskip=\skip48
\subfigcaptopadj=\dimen106
\subfigbottomskip=\skip49
\subfigcapmargin=\dimen107
\subfiglabelskip=\skip50
\c@subfigure=\count122
\c@lofdepth=\count123
\c@subtable=\count124
\c@lotdepth=\count125

****************************************
* Local config file subfigure.cfg used *
****************************************
(/usr/share/texmf/tex/latex/subfigure/subfigure.cfg)
\subfig@top=\skip51
\subfig@bottom=\skip52
)
(/usr/share/texmf/tex/latex/amsmath/amsmath.sty
Package: amsmath 2000/07/18 v2.13 AMS math features
\@mathmargin=\skip53

For additional information on amsmath, use the `?' option.
(/usr/share/texmf/tex/latex/amsmath/amstext.sty
Package: amstext 2000/06/29 v2.01

(/usr/share/texmf/tex/latex/amsmath/amsgen.sty
File: amsgen.sty 1999/11/30 v2.0
\@emptytoks=\toks15
\ex@=\dimen108
))
(/usr/share/texmf/tex/latex/amsmath/amsbsy.sty
Package: amsbsy 1999/11/29 v1.2d
\pmbraise@=\dimen109
)
(/usr/share/texmf/tex/latex/amsmath/amsopn.sty
Package: amsopn 1999/12/14 v2.01 operator names
)
\inf@bad=\count126
LaTeX Info: Redefining \frac on input line 211.
\uproot@=\count127
\leftroot@=\count128
LaTeX Info: Redefining \overline on input line 307.
\classnum@=\count129
\DOTSCASE@=\count130
LaTeX Info: Redefining \ldots on input line 379.
LaTeX Info: Redefining \dots on input line 382.
LaTeX Info: Redefining \cdots on input line 467.
\Mathstrutbox@=\box27
\strutbox@=\box28
\big@size=\dimen110
LaTeX Font Info:    Redeclaring font encoding OML on input line 567.
LaTeX Font Info:    Redeclaring font encoding OMS on input line 568.
\macc@depth=\count131
\c@MaxMatrixCols=\count132
\dotsspace@=\muskip10
\c@parentequation=\count133
\dspbrk@lvl=\count134
\tag@help=\toks16
\row@=\count135
\column@=\count136
\maxfields@=\count137
\andhelp@=\toks17
\eqnshift@=\dimen111
\alignsep@=\dimen112
\tagshift@=\dimen113
\tagwidth@=\dimen114
\totwidth@=\dimen115
\lineht@=\dimen116
\@envbody=\toks18
\multlinegap=\skip54
\multlinetaggap=\skip55
\mathdisplay@stack=\toks19
LaTeX Info: Redefining \[ on input line 2666.
LaTeX Info: Redefining \] on input line 2667.
)
(/usr/share/texmf/tex/latex/amsfonts/amssymb.sty
Package: amssymb 2002/01/22 v2.2d

(/usr/share/texmf/tex/latex/amsfonts/amsfonts.sty
Package: amsfonts 2001/10/25 v2.2f
\symAMSa=\mathgroup4
\symAMSb=\mathgroup5
LaTeX Font Info:    Overwriting math alphabet `\mathfrak' in version `bold'
(Font)                  U/euf/m/n --> U/euf/b/n on input line 132.
))
(/usr/share/texmf/tex/latex/oberdiek/pdflscape.sty
Package: pdflscape 2004/05/11 v0.3 Landscape pages in PDF (HO)

(/usr/share/texmf/tex/latex/graphics/lscape.sty
Package: lscape 2000/10/22 v3.01 Landscape Pages (DPC)
)
Package pdflscape Info: Auto-detected driver: `pdftex' on input line 84.
)
(/usr/share/texmf/tex/latex/tools/tabularx.sty
Package: tabularx 1999/01/07 v2.07 `tabularx' package (DPC)

(/usr/share/texmf/tex/latex/tools/array.sty
Package: array 2003/12/17 v2.4a Tabular extension package (FMi)
\col@sep=\dimen117
\extrarowheight=\dimen118
\NC@list=\toks20
\extratabsurround=\skip56
\backup@length=\skip57
)
\TX@col@width=\dimen119
\TX@old@table=\dimen120
\TX@old@col=\dimen121
\TX@target=\dimen122
\TX@delta=\dimen123
\TX@cols=\count138
\TX@ftn=\toks21
)
(/usr/share/texmf/tex/latex/carlisle/ltxtable.sty
Package: ltxtable 1995/12/11 v0.2 longtable/tabularx merge (DPC)

(/usr/share/texmf/tex/latex/tools/longtable.sty
Package: longtable 2004/02/01 v4.11 Multi-page Table package (DPC)
\LTleft=\skip58
\LTright=\skip59
\LTpre=\skip60
\LTpost=\skip61
\LTchunksize=\count139
\LTcapwidth=\dimen124
\LT@head=\box29
\LT@firsthead=\box30
\LT@foot=\box31
\LT@lastfoot=\box32
\LT@cols=\count140
\LT@rows=\count141
\c@LT@tables=\count142
\c@LT@chunks=\count143
\LT@p@ftn=\toks22
)
Class scrreprt Info: longtable captions redefined on input line 25.
)
(/usr/share/texmf/tex/latex/germbib/bibgerm.sty
Package: bibgerm 2000/08/18 v0.1 Support for mixed language bibliographies

** Macros for german `BibTeX'ing added to Style Option `german' 20 Apr 1993 **
** idea and languages `german' and `USenglish' implemented by M. Wallmeier **
** Modified for LaTeX 2e and german.sty 2.5b by A. Scherer 1 Nov 1995 **
** Modified for ngerman.sty and babel.sty by H. Harders 21 August 2000 **)
(/usr/share/texmf/tex/latex/tools/varioref.sty
Package: varioref 2004/02/27 v1.4i package for extended references (FMi)
\c@vrcnt=\count144
)
(/usr/share/texmf/tex/latex/booktabs/booktabs.sty
Package: booktabs 2003/03/28 v1.618 publication quality tables
\heavyrulewidth=\dimen125
\lightrulewidth=\dimen126
\cmidrulewidth=\dimen127
\belowrulesep=\dimen128
\belowbottomsep=\dimen129
\aboverulesep=\dimen130
\abovetopsep=\dimen131
\cmidrulesep=\dimen132
\cmidrulekern=\dimen133
\defaultaddspace=\dimen134
\@cmidla=\count145
\@cmidlb=\count146
\@aboverulesep=\dimen135
\@belowrulesep=\dimen136
\@thisruleclass=\count147
\@lastruleclass=\count148
\@thisrulewidth=\dimen137
)
(/usr/share/texmf/tex/latex/moreverb/moreverb.sty
Package: moreverb 1997/12/07 v2.2d.2 `more' verbatim facilities

(/usr/share/texmf/tex/latex/tools/verbatim.sty
Package: verbatim 2003/08/22 v1.5q LaTeX2e package for verbatim enhancements
\every@verbatim=\toks23
\verbatim@line=\toks24
\verbatim@in@stream=\read1
)
\verbatim@out=\write3
\tab@position=\count149
\tab@size=\count150
\listing@line=\count151
)
(/usr/share/texmf/tex/latex/url/url.sty
\Urlmuskip=\muskip11
Package: url 2004/03/15  ver 3.1  Verb mode for urls, etc.
)
(/usr/share/texmf/tex/latex/rotating/rotating.sty
Package: rotating 1997/09/26 v2.13 Rotation package

(/usr/share/texmf/tex/latex/base/ifthen.sty
Package: ifthen 2001/05/26 v1.1c Standard LaTeX ifthen package (DPC)
)
\c@r@tfl@t=\count152
\rot@float@box=\box33
)
(/usr/share/texmf/tex/latex/bibtopic/bibtopic.sty
Package: bibtopic 2002/08/22 v1.0k Sectioned Bibliographies
\c@btauxfile=\count153
\bt@infilea=\read2
\bt@infileb=\read3
\bt@outfile=\write4
\bt@tempboxa=\box34
)
(/usr/share/texmf/tex/latex/threeparttable/threeparttable.sty
Package: threeparttable 2003/06/13  v 3.0
\@tempboxb=\box35
)
(/usr/share/texmf/tex/latex/tools/dcolumn.sty
Package: dcolumn 2001/05/28 v1.06 decimal alignment package (DPC)
)
(/usr/share/texmf/tex/latex/pgf/pgf.sty
Package: pgf 2004/10/08 ver 0.65
\pgf@objectcount=\count154

(/usr/share/texmf/tex/latex/xcolor/xcolor.sty
Package: xcolor 2004/07/04 v2.00 LaTeX color extensions (UK)

(/usr/share/texmf/tex/latex/graphics/color.cfg
File: color.cfg 2005/02/03 v1.3 color configuration of teTeX/TeXLive
)
Package xcolor Info: Driver file: pdftex.def on input line 136.
Package xcolor Info: Color model `cmy' added on input line 972.
Package xcolor Info: Color model `hsb' added on input line 980.
Package xcolor Info: Color model `HTML' added on input line 1000.
Package xcolor Info: Color model `HSB' added on input line 1006.
Package xcolor Info: Color model `Gray' added on input line 1012.
)
\pgfex=\dimen138
\pgfem=\dimen139
\pgf@linewidth=\dimen140
\pgfpic=\box36
\pgf@hbox=\box37
\pgf@tempbox=\box38
\pgf@aax=\dimen141
\pgf@aay=\dimen142
\pgf@abx=\dimen143
\pgf@aby=\dimen144
\pgf@bax=\dimen145
\pgf@bay=\dimen146
\pgf@bbx=\dimen147
\pgf@bby=\dimen148
\pgf@tempdim=\dimen149
\pgf@x=\dimen150
\pgf@y=\dimen151
\pgf@xa=\dimen152
\pgf@ya=\dimen153
\pgf@xb=\dimen154
\pgf@yb=\dimen155
\pgf@xc=\dimen156
\pgf@yc=\dimen157
\pgfobjectbox=\box39
\pgf@xx=\dimen158
\pgf@xy=\dimen159
\pgf@yx=\dimen160
\pgf@yy=\dimen161
\pgf@zx=\dimen162
\pgf@zy=\dimen163
\pgf@counta=\count155
\pgf@countb=\count156
)
(/usr/share/texmf/tex/latex/pgf/pgfarrows.sty
Package: pgfarrows 2004/10/08 ver 0.64
)
(/usr/share/texmf/tex/latex/pgf/pgfnodes.sty
Package: pgfnodes 2004/10/08 ver 0.64
\pgf@nodesepstart=\dimen164
\pgf@nodesepend=\dimen165
)
(/usr/share/texmf/tex/latex/hyperref/hyperref.sty
Package: hyperref 2003/11/30 v6.74m Hypertext links for LaTeX
\@linkdim=\dimen166
\Hy@linkcounter=\count157
\Hy@pagecounter=\count158

(/usr/share/texmf/tex/latex/hyperref/pd1enc.def
File: pd1enc.def 2003/11/30 v6.74m Hyperref: PDFDocEncoding definition (HO)
)
(/usr/share/texmf/tex/latex/hyperref/hyperref.cfg
File: hyperref.cfg 2002/06/06 v1.2 hyperref configuration of TeXLive and teTeX
)
Package hyperref Info: Hyper figures OFF on input line 1880.
Package hyperref Info: Link nesting OFF on input line 1885.
Package hyperref Info: Hyper index ON on input line 1888.
Package hyperref Info: Plain pages ON on input line 1893.
Package hyperref Info: Backreferencing OFF on input line 1900.

Implicit mode ON; LaTeX internals redefined
Package hyperref Info: Bookmarks ON on input line 2004.
LaTeX Info: Redefining \url on input line 2143.
\Fld@menulength=\count159
\Field@Width=\dimen167
\Fld@charsize=\dimen168
\Choice@toks=\toks25
\Field@toks=\toks26
Package hyperref Info: Hyper figures OFF on input line 2618.
Package hyperref Info: Link nesting OFF on input line 2623.
Package hyperref Info: Hyper index ON on input line 2626.
Package hyperref Info: backreferencing OFF on input line 2633.
Package hyperref Info: Link coloring OFF on input line 2638.
\c@Item=\count160
)
*hyperref using default driver hpdftex*
(/usr/share/texmf/tex/latex/hyperref/hpdftex.def
File: hpdftex.def 2003/11/30 v6.74m Hyperref driver for pdfTeX

(/usr/share/texmf/tex/latex/psnfss/pifont.sty
Package: pifont 2004/09/15 PSNFSS-v9.2 Pi font support (SPQR) 
LaTeX Font Info:    Try loading font information for U+pzd on input line 63.

(/usr/share/texmf/tex/latex/psnfss/upzd.fd
File: upzd.fd 2001/06/04 font definitions for U/pzd.
)
LaTeX Font Info:    Try loading font information for U+psy on input line 64.

(/usr/share/texmf/tex/latex/psnfss/upsy.fd
File: upsy.fd 2001/06/04 font definitions for U/psy.
))
\Fld@listcount=\count161
\@outlinefile=\write5
)
\@input{mode.aux}
\openout2 = `mode.aux'.

(./mode.tex) (./rockNrollOnline.aux (./diagrams/schwarzExamples/examples.aux)
(./diagrams/farmerBoyRatings/ratings.aux)
(./diagrams/optimalStartingPosition/fullPlot.aux)
(./diagrams/optimalStartingPosition/best.aux)
(./diagrams/optimalStartingPosition/worst.aux)
(./diagrams/tournament/fullPart1.aux) (./diagrams/tournament/fullPart2.aux)
(./diagrams/tournament/summary.aux) (./diagrams/hashSize/plot.aux))
\openout1 = `rockNrollOnline.aux'.

LaTeX Font Info:    Checking defaults for OML/cmm/m/it on input line 205.
LaTeX Font Info:    ... okay on input line 205.
LaTeX Font Info:    Checking defaults for T1/cmr/m/n on input line 205.
LaTeX Font Info:    ... okay on input line 205.
LaTeX Font Info:    Checking defaults for OT1/cmr/m/n on input line 205.
LaTeX Font Info:    ... okay on input line 205.
LaTeX Font Info:    Checking defaults for OMS/cmsy/m/n on input line 205.
LaTeX Font Info:    ... okay on input line 205.
LaTeX Font Info:    Checking defaults for OMX/cmex/m/n on input line 205.
LaTeX Font Info:    ... okay on input line 205.
LaTeX Font Info:    Checking defaults for U/cmr/m/n on input line 205.
LaTeX Font Info:    ... okay on input line 205.
LaTeX Font Info:    Checking defaults for PD1/pdf/m/n on input line 205.
LaTeX Font Info:    ... okay on input line 205.
LaTeX Font Info:    Try loading font information for T1+bch on input line 205.

(/usr/share/texmf/tex/latex/psnfss/t1bch.fd
File: t1bch.fd 2004/10/18 font definitions for T1/bch.
)
(/usr/share/texmf/tex/context/base/supp-pdf.tex
(/usr/share/texmf/tex/context/base/supp-mis.tex
loading : Context Support Macros / Miscellaneous (2004.10.26)
\protectiondepth=\count162
\scratchcounter=\count163
\scratchtoks=\toks27
\scratchdimen=\dimen169
\scratchskip=\skip62
\scratchmuskip=\muskip12
\scratchbox=\box40
\scratchread=\read4
\scratchwrite=\write6
\zeropoint=\dimen170
\onepoint=\dimen171
\onebasepoint=\dimen172
\minusone=\count164
\thousandpoint=\dimen173
\onerealpoint=\dimen174
\emptytoks=\toks28
\nextbox=\box41
\nextdepth=\dimen175
\everyline=\toks29
\!!counta=\count165
\!!countb=\count166
\recursecounter=\count167
)
loading : Context Support Macros / PDF (2004.03.26)
\nofMPsegments=\count168
\nofMParguments=\count169
\MPscratchCnt=\count170
\MPscratchDim=\dimen176
\MPnumerator=\count171
\everyMPtoPDFconversion=\toks30
)

bibgerm.sty: babel.sty detected

Package hyperref Info: Link coloring OFF on input line 205.
(/usr/share/texmf/tex/latex/hyperref/nameref.sty
Package: nameref 2003/12/03 v2.21 Cross-referencing by name of section
\c@section@level=\count172
)
LaTeX Info: Redefining \ref on input line 205.
LaTeX Info: Redefining \pageref on input line 205.
 (./rockNrollOnline.out)
(./rockNrollOnline.out)
\openout5 = `rockNrollOnline.out'.


Overfull \hbox (11.74988pt too wide) in paragraph at lines 207--207
[] 
 []

LaTeX Font Info:    Try loading font information for T1+phv on input line 207.
(/usr/share/texmf/tex/latex/psnfss/t1phv.fd
File: t1phv.fd 2001/06/04 scalable font definitions for T1/phv.
)
LaTeX Font Info:    Try loading font information for U+msa on input line 207.

(/usr/share/texmf/tex/latex/amsfonts/umsa.fd
File: umsa.fd 2002/01/19 v2.2g AMS font definitions
)
LaTeX Font Info:    Try loading font information for U+msb on input line 207.

(/usr/share/texmf/tex/latex/amsfonts/umsb.fd
File: umsb.fd 2002/01/19 v2.2g AMS font definitions
) [1





{/var/lib/texmf/fonts/map/pdftex/updmap/pdftex.map}] [2

] (./rockNrollOnline.toc)
\tf@toc=\write7
\openout7 = `rockNrollOnline.toc'.

 [3


] [4


]
Chapter 1.
LaTeX Font Info:    Try loading font information for T1+cmtt on input line 237.

(/usr/share/texmf/tex/latex/base/t1cmtt.fd
File: t1cmtt.fd 1999/05/25 v2.5h Standard LaTeX font definitions
) [5] [6]
Chapter 2.
<diagrams/board_setup.pdf, id=202, 569.05469pt x 398.33878pt>
File: diagrams/board_setup.pdf Graphic file (type pdf)

<use diagrams/board_setup.pdf>
<diagrams/board_start.pdf, id=203, 569.05469pt x 398.33878pt>
File: diagrams/board_start.pdf Graphic file (type pdf)

<use diagrams/board_start.pdf>
<diagrams/board_med.pdf, id=204, 569.05469pt x 398.33878pt>
File: diagrams/board_med.pdf Graphic file (type pdf)

<use diagrams/board_med.pdf>
<diagrams/board_end.pdf, id=205, 569.05469pt x 398.33878pt>
File: diagrams/board_end.pdf Graphic file (type pdf)

<use diagrams/board_end.pdf> [7


] [8 <./diagrams/board_setup.pdf> <./diagrams/board_start.pdf> <./diagrams/boar
d_med.pdf> <./diagrams/board_end.pdf>]
Chapter 3.
<diagrams/treesearchBasics.pdf, id=423, 554.82869pt x 298.75383pt>
File: diagrams/treesearchBasics.pdf Graphic file (type pdf)

<use diagrams/treesearchBasics.pdf>
<diagrams/treesearchMaxOnly.pdf, id=424, 554.82869pt x 298.75383pt>
File: diagrams/treesearchMaxOnly.pdf Graphic file (type pdf)

<use diagrams/treesearchMaxOnly.pdf> [9


] [10 <./diagrams/treesearchBasics.pdf> <./diagrams/treesearchMaxOnly.pdf>] [11
]
<diagrams/treesearchRandomLayers.pdf, id=489, 327.20682pt x 227.62187pt>
File: diagrams/treesearchRandomLayers.pdf Graphic file (type pdf)

<use diagrams/treesearchRandomLayers.pdf>
<diagrams/treesearchRandomLayersGone.pdf, id=490, 327.20682pt x 227.62187pt>
File: diagrams/treesearchRandomLayersGone.pdf Graphic file (type pdf)

<use diagrams/treesearchRandomLayersGone.pdf> [12 <./diagrams/treesearchRandomL
ayers.pdf> <./diagrams/treesearchRandomLayersGone.pdf>]
LaTeX Font Info:    Try loading font information for OMS+bch on input line 529.


(/usr/share/texmf/tex/latex/psnfss/omsbch.fd
File: omsbch.fd 
)
LaTeX Font Info:    Font shape `OMS/bch/m/n' in size <12> not available
(Font)              Font shape `OMS/cmsy/m/n' tried instead on input line 529.
 [13]
<diagrams/treesearchImplementation.pdf, id=539, 625.96065pt x 441.01776pt>
File: diagrams/treesearchImplementation.pdf Graphic file (type pdf)

<use diagrams/treesearchImplementation.pdf> [14] [15 <./diagrams/treesearchImpl
ementation.pdf>]
\openout2 = `diagrams/schwarzExamples/examples.aux'.

 (./diagrams/schwarzExamples/examples.tex) [16] [17


] [18


]
Chapter 4.
[19] [20]
Chapter 5.
<diagrams/classDia.pdf, id=629, 625.96065pt x 597.50768pt>
File: diagrams/classDia.pdf Graphic file (type pdf)

<use diagrams/classDia.pdf> [21


] [22 <./diagrams/classDia.pdf>] [23] [24]
\openout2 = `diagrams/farmerBoyRatings/ratings.aux'.


(./diagrams/farmerBoyRatings/ratings.tex) [25


] [26] [27] [28]
Chapter 6.
[29


]
\openout2 = `diagrams/optimalStartingPosition/fullPlot.aux'.

 (./diagrams/optimalStartingPosition/fullPlot.tex
\plotpoint=\box42
)
\openout2 = `diagrams/optimalStartingPosition/best.aux'.


(./diagrams/optimalStartingPosition/best.tex)
\openout2 = `diagrams/optimalStartingPosition/worst.aux'.


(./diagrams/optimalStartingPosition/worst.tex) [30


] [31


] [32


] [33] [34]
[35]
\openout2 = `diagrams/tournament/fullPart1.aux'.

 (./diagrams/tournament/fullPart1.tex)
\openout2 = `diagrams/tournament/fullPart2.aux'.

 (./diagrams/tournament/fullPart2.tex)
\openout2 = `diagrams/tournament/summary.aux'.

 (./diagrams/tournament/summary.tex) [36


] [37


] [38


]
\openout2 = `diagrams/hashSize/plot.aux'.


(./diagrams/hashSize/plot.tex) [39


] [40


]
Chapter 7.
<diagrams/screenShot.png, id=827, 427.80518pt x 325.63034pt>
File: diagrams/screenShot.png Graphic file (type png)

<use diagrams/screenShot.png> [41


] [42 <./diagrams/screenShot.png>]
Chapter 8.
[43


] [44]
Appendix A.
\openout4 = `btaux.aux'.

\openout4 = `rockNrollOnline1.aux'.

(./rockNrollOnline1.bbl [45


]) [46] (./rockNrollOnline.aux
(./diagrams/schwarzExamples/examples.aux)
(./diagrams/farmerBoyRatings/ratings.aux)
(./diagrams/optimalStartingPosition/fullPlot.aux)
(./diagrams/optimalStartingPosition/best.aux)
(./diagrams/optimalStartingPosition/worst.aux)
(./diagrams/tournament/fullPart1.aux) (./diagrams/tournament/fullPart2.aux)
(./diagrams/tournament/summary.aux) (./diagrams/hashSize/plot.aux)) ) 
Here is how much of TeX's memory you used:
 7527 strings out of 94500
 99848 string characters out of 1176765
 330387 words of memory out of 1000000
 10225 multiletter control sequences out of 10000+50000
 74003 words of font info for 105 fonts, out of 500000 for 2000
 580 hyphenation exceptions out of 1000
 30i,16n,40p,1127b,412s stack positions out of 1500i,500n,5000p,200000b,5000s
PDF statistics:
 884 PDF objects out of 300000
 185 named destinations out of 131072
 272 words of extra memory for PDF output out of 65536
 </var/cac
he/fonts/pk/ljfour/jknappen/ec/ectt0800.600pk> </var/cache/fonts/pk/ljfour/jkna
ppen/ec/ectt1095.600pk> </var/cache/fonts/pk/ljfour/jknappen/ec/ectt1440.600pk>
</usr/share/texmf/fonts/type1/bluesky/cm/cmmi6.pfb></usr/share/texmf/fonts/type
1/bluesky/cm/cmr7.pfb></usr/share/texmf/fonts/type1/bluesky/cm/cmr10.pfb></usr/
share/texmf/fonts/type1/bluesky/cm/cmmi10.pfb></usr/share/texmf/fonts/type1/blu
esky/symbols/msbm10.pfb></usr/share/texmf/fonts/type1/bluesky/cm/cmmi8.pfb></us
r/share/texmf/fonts/type1/bluesky/cm/cmex10.pfb></usr/share/texmf/fonts/type1/b
luesky/cm/cmr8.pfb></usr/share/texmf/fonts/type1/bluesky/cm/cmmi12.pfb>{/usr/sh
are/texmf/fonts/enc/dvips/psnfss/8r.enc}</usr/share/texmf/fonts/type1/bitstrea/
charter/bchri8a.pfb></usr/share/texmf/fonts/type1/bluesky/cm/cmr12.pfb></usr/sh
are/texmf/fonts/type1/bitstrea/charter/bchb8a.pfb></usr/share/texmf/fonts/type1
/bitstrea/charter/bchr8a.pfb> </var/cache/fonts/pk/ljfour/jknappen/ec/ectt1000.
600pk> </var/cache/fonts/pk/ljfour/jknappen/ec/ectt1200.600pk></usr/share/texmf
/fonts/type1/bluesky/cm/cmsy8.pfb></usr/share/texmf/fonts/type1/bitstrea/charte
r/bchb8a.pfb></usr/share/texmf/fonts/type1/bluesky/cm/cmsy10.pfb></usr/share/te
xmf/fonts/type1/urw/helvetic/uhvb8a.pfb></usr/share/texmf/fonts/type1/bitstrea/
charter/bchr8a.pfb>
Output written on rockNrollOnline.pdf (46 pages, 663926 bytes).
